<?xml version="1.0" encoding="UTF-8"?>
<testng-results skipped="0" failed="0" ignored="0" total="1" passed="1">
  <reporter-output>
  </reporter-output>
  <suite name="Default suite" duration-ms="17222" started-at="2022-10-23T09:40:12 IST" finished-at="2022-10-23T09:40:29 IST">
    <groups>
    </groups>
    <test name="Default test" duration-ms="17222" started-at="2022-10-23T09:40:12 IST" finished-at="2022-10-23T09:40:29 IST">
      <class name="readQRCode.AutomateQRCode">
        <test-method status="PASS" signature="barCode()[pri:0, instance:readQRCode.AutomateQRCode@34c4973]" name="barCode" duration-ms="17192" started-at="2022-10-23T09:40:12 IST" finished-at="2022-10-23T09:40:29 IST">
          <reporter-output>
          </reporter-output>
        </test-method> <!-- barCode -->
      </class> <!-- readQRCode.AutomateQRCode -->
    </test> <!-- Default test -->
  </suite> <!-- Default suite -->
</testng-results>
